<?xml version="1.0" encoding="UTF-8"?>
<!-- Generated by org.testng.reporters.JUnitReportReporter -->
<testsuite skipped="0" hostname="ISCRENT60" name="Testrunner.Testrunne" tests="9" failures="0" timestamp="2020-09-18T00:03:02 PDT" time="127.199" errors="0">
  <testcase name="runScenario" time="32.730" classname="Testrunner.Testrunne"/>
  <system-out/>
  <testcase name="runScenario" time="1.978" classname="Testrunner.Testrunne"/>
  <system-out/>
  <testcase name="runScenario" time="10.585" classname="Testrunner.Testrunne"/>
  <system-out/>
  <testcase name="runScenario" time="0.015" classname="Testrunner.Testrunne"/>
  <system-out/>
  <testcase name="runScenario" time="18.016" classname="Testrunner.Testrunne"/>
  <system-out/>
  <testcase name="runScenario" time="18.520" classname="Testrunner.Testrunne"/>
  <system-out/>
  <testcase name="runScenario" time="16.906" classname="Testrunner.Testrunne"/>
  <system-out/>
  <testcase name="runScenario" time="28.432" classname="Testrunner.Testrunne"/>
  <system-out/>
  <testcase name="runScenario" time="0.017" classname="Testrunner.Testrunne"/>
  <system-out/>
</testsuite> <!-- Testrunner.Testrunne -->
